<!DOCTYPE html PUBLIC "-//W3C//DTD XHTML 1.1//EN" "http://www.w3.org/TR/xhtml11/DTD/xhtml11.dtd">
<html xmlns="http://www.w3.org/1999/xhtml"><head><title>TestNG Report</title><style type="text/css">table {margin-bottom:10px;border-collapse:collapse;empty-cells:show}th,td {border:1px solid #009;padding:.25em .5em}th {vertical-align:bottom}td {vertical-align:top}table a {font-weight:bold}.stripe td {background-color: #E6EBF9}.num {text-align:right}.passedodd td {background-color: #3F3}.passedeven td {background-color: #0A0}.skippedodd td {background-color: #DDD}.skippedeven td {background-color: #CCC}.failedodd td,.attn {background-color: #F33}.failedeven td,.stripe .attn {background-color: #D00}.stacktrace {white-space:pre;font-family:monospace}.totop {font-size:85%;text-align:center;border-bottom:2px solid #000}</style></head><body><table><tr><th>Test</th><th># Passed</th><th># Skipped</th><th># Failed</th><th>Time (ms)</th><th>Included Groups</th><th>Excluded Groups</th></tr><tr><th colspan="7">Default suite</th></tr><tr><td><a href="#t0">Default test</a></td><td class="num">21</td><td class="num">0</td><td class="num attn">2</td><td class="num">698,722</td><td></td><td></td></tr></table><table><thead><tr><th>Class</th><th>Method</th><th>Start</th><th>Time (ms)</th></tr></thead><tbody><tr><th colspan="4">Default suite</th></tr></tbody><tbody id="t0"><tr><th colspan="4">Default test &#8212; failed</th></tr><tr class="failedeven"><td rowspan="2">wanasaTest.Wanasalivetest</td><td><a href="#m0">verifypriceevent</a></td><td rowspan="1">1574147478940</td><td rowspan="1">31938</td></tr><tr class="failedeven"><td><a href="#m1">verifypricemovie</a></td><td rowspan="1">1574147403836</td><td rowspan="1">73831</td></tr><tr><th colspan="4">Default test &#8212; passed</th></tr><tr class="passedeven"><td rowspan="21">wanasaTest.Wanasalivetest</td><td><a href="#m2">evouchersFileter</a></td><td rowspan="1">1574147670543</td><td rowspan="1">33008</td></tr><tr class="passedeven"><td><a href="#m3">filterMoviesGenre</a></td><td rowspan="1">1574147757467</td><td rowspan="1">21298</td></tr><tr class="passedeven"><td><a href="#m4">filterMoviesLang</a></td><td rowspan="1">1574147778805</td><td rowspan="1">18905</td></tr><tr class="passedeven"><td><a href="#m5">filterMoviesLocations</a></td><td rowspan="1">1574147724468</td><td rowspan="1">32961</td></tr><tr class="passedeven"><td><a href="#m6">movieTimeingsFilter</a></td><td rowspan="1">1574147816112</td><td rowspan="1">50583</td></tr><tr class="passedeven"><td><a href="#m7">moviesAllFilters</a></td><td rowspan="1">1574147797742</td><td rowspan="1">18323</td></tr><tr class="passedeven"><td><a href="#m8">verifySMiconclick</a></td><td rowspan="1">1574147536219</td><td rowspan="1">39543</td></tr><tr class="passedeven"><td><a href="#m9">verifyappstoreclick</a></td><td rowspan="1">1574147586898</td><td rowspan="1">11777</td></tr><tr class="passedeven"><td><a href="#m10">verifycontactus</a></td><td rowspan="1">1574147512035</td><td rowspan="1">24126</td></tr><tr class="passedeven"><td><a href="#m11">verifyeventCatFilter</a></td><td rowspan="1">1574147923010</td><td rowspan="1">18961</td></tr><tr class="passedeven"><td><a href="#m12">verifyeventTypeFilter</a></td><td rowspan="1">1574147906868</td><td rowspan="1">16111</td></tr><tr class="passedeven"><td><a href="#m13">verifyfilterTheater</a></td><td rowspan="1">1574147866737</td><td rowspan="1">40079</td></tr><tr class="passedeven"><td><a href="#m14">verifyfooterlinks</a></td><td rowspan="1">1574147369175</td><td rowspan="1">34560</td></tr><tr class="passedeven"><td><a href="#m15">verifyforgotpassword</a></td><td rowspan="1">1574147279888</td><td rowspan="1">2770</td></tr><tr class="passedeven"><td><a href="#m16">verifygoogLogin</a></td><td rowspan="1">1574147309357</td><td rowspan="1">59750</td></tr><tr class="passedeven"><td><a href="#m17">verifylogin</a></td><td rowspan="1">1574147282701</td><td rowspan="1">26615</td></tr><tr class="passedeven"><td><a href="#m18">verifyplaystoreclick</a></td><td rowspan="1">1574147575808</td><td rowspan="1">11044</td></tr><tr class="passedeven"><td><a href="#m19">verifysearchbookingistory</a></td><td rowspan="1">1574147658031</td><td rowspan="1">12479</td></tr><tr class="passedeven"><td><a href="#m20">verifysignup</a></td><td rowspan="1">1574147268191</td><td rowspan="1">11225</td></tr><tr class="passedeven"><td><a href="#m21">verifysocialmediaiconclick</a></td><td rowspan="1">1574147703592</td><td rowspan="1">20833</td></tr><tr class="passedeven"><td><a href="#m22">verifyuseroperations</a></td><td rowspan="1">1574147598719</td><td rowspan="1">59274</td></tr></tbody></table><h2>Default test</h2><h3 id="m0">wanasaTest.Wanasalivetest#verifypriceevent</h3><table class="result"><tr><th>Exception</th></tr><tr><td><div class="stacktrace">org.openqa.selenium.NoSuchElementException: no such element: Unable to locate element: {&quot;method&quot;:&quot;id&quot;,&quot;selector&quot;:&quot;eventDate&quot;}
  (Session info: chrome=78.0.3904.97)
  (Driver info: chromedriver=2.43.600210 (68dcf5eebde37173d4027fa8635e332711d2874a),platform=Windows NT 10.0.17763 x86_64) (WARNING: The server did not provide any stacktrace information)
Command duration or timeout: 0 milliseconds
For documentation on this error, please visit: http://seleniumhq.org/exceptions/no_such_element.html
Build info: version: &apos;3.11.0&apos;, revision: &apos;e59cfb3&apos;, time: &apos;2018-03-11T20:26:55.152Z&apos;
System info: host: &apos;ADMIN&apos;, ip: &apos;192.168.75.55&apos;, os.name: &apos;Windows 10&apos;, os.arch: &apos;amd64&apos;, os.version: &apos;10.0&apos;, java.version: &apos;1.8.0_181&apos;
Driver info: org.openqa.selenium.chrome.ChromeDriver
Capabilities {acceptInsecureCerts: false, acceptSslCerts: false, applicationCacheEnabled: false, browserConnectionEnabled: false, browserName: chrome, chrome: {chromedriverVersion: 2.43.600210 (68dcf5eebde371..., userDataDir: C:\Users\SMSC_T~1\AppData\L...}, cssSelectorsEnabled: true, databaseEnabled: false, goog:chromeOptions: {debuggerAddress: localhost:53757}, handlesAlerts: true, hasTouchScreen: false, javascriptEnabled: true, locationContextEnabled: true, mobileEmulationEnabled: false, nativeEvents: true, networkConnectionEnabled: false, pageLoadStrategy: normal, platform: XP, platformName: XP, rotatable: false, setWindowRect: true, takesHeapSnapshot: true, takesScreenshot: true, unexpectedAlertBehaviour: , unhandledPromptBehavior: , version: 78.0.3904.97, webStorageEnabled: true}
Session ID: 5a518a0227975e21c21b01ef8fc96a94
*** Element info: {Using=id, value=eventDate}
	at sun.reflect.NativeConstructorAccessorImpl.newInstance0(Native Method)
	at sun.reflect.NativeConstructorAccessorImpl.newInstance(Unknown Source)
	at sun.reflect.DelegatingConstructorAccessorImpl.newInstance(Unknown Source)
	at java.lang.reflect.Constructor.newInstance(Unknown Source)
	at org.openqa.selenium.remote.ErrorHandler.createThrowable(ErrorHandler.java:214)
	at org.openqa.selenium.remote.ErrorHandler.throwIfResponseFailed(ErrorHandler.java:166)
	at org.openqa.selenium.remote.http.JsonHttpResponseCodec.reconstructValue(JsonHttpResponseCodec.java:40)
	at org.openqa.selenium.remote.http.AbstractHttpResponseCodec.decode(AbstractHttpResponseCodec.java:80)
	at org.openqa.selenium.remote.http.AbstractHttpResponseCodec.decode(AbstractHttpResponseCodec.java:44)
	at org.openqa.selenium.remote.HttpCommandExecutor.execute(HttpCommandExecutor.java:158)
	at org.openqa.selenium.remote.service.DriverCommandExecutor.execute(DriverCommandExecutor.java:83)
	at org.openqa.selenium.remote.RemoteWebDriver.execute(RemoteWebDriver.java:545)
	at org.openqa.selenium.remote.RemoteWebDriver.findElement(RemoteWebDriver.java:319)
	at org.openqa.selenium.remote.RemoteWebDriver.findElementById(RemoteWebDriver.java:365)
	at org.openqa.selenium.By$ById.findElement(By.java:218)
	at org.openqa.selenium.remote.RemoteWebDriver.findElement(RemoteWebDriver.java:311)
	at wanasa.homepagelive.pricecom(homepagelive.java:3645)
	at wanasa.homepagelive.pricecompare(homepagelive.java:3635)
	at wanasaTest.Wanasalivetest.verifypriceevent(Wanasalivetest.java:113)
	at sun.reflect.NativeMethodAccessorImpl.invoke0(Native Method)
	at sun.reflect.NativeMethodAccessorImpl.invoke(Unknown Source)
	at sun.reflect.DelegatingMethodAccessorImpl.invoke(Unknown Source)
	at java.lang.reflect.Method.invoke(Unknown Source)
	at org.testng.internal.MethodInvocationHelper.invokeMethod(MethodInvocationHelper.java:86)
	at org.testng.internal.Invoker.invokeMethod(Invoker.java:645)
	at org.testng.internal.Invoker.invokeTestMethod(Invoker.java:822)
	at org.testng.internal.Invoker.invokeTestMethods(Invoker.java:1130)
	at org.testng.internal.TestMethodWorker.invokeTestMethods(TestMethodWorker.java:129)
	at org.testng.internal.TestMethodWorker.run(TestMethodWorker.java:112)
	at org.testng.TestRunner.privateRun(TestRunner.java:782)
	at org.testng.TestRunner.run(TestRunner.java:632)
	at org.testng.SuiteRunner.runTest(SuiteRunner.java:366)
	at org.testng.SuiteRunner.runSequentially(SuiteRunner.java:361)
	at org.testng.SuiteRunner.privateRun(SuiteRunner.java:319)
	at org.testng.SuiteRunner.run(SuiteRunner.java:268)
	at org.testng.SuiteRunnerWorker.runSuite(SuiteRunnerWorker.java:52)
	at org.testng.SuiteRunnerWorker.run(SuiteRunnerWorker.java:86)
	at org.testng.TestNG.runSuitesSequentially(TestNG.java:1244)
	at org.testng.TestNG.runSuitesLocally(TestNG.java:1169)
	at org.testng.TestNG.run(TestNG.java:1064)
	at org.testng.remote.RemoteTestNG.run(RemoteTestNG.java:113)
	at org.testng.remote.RemoteTestNG.initAndRun(RemoteTestNG.java:206)
	at org.testng.remote.RemoteTestNG.main(RemoteTestNG.java:177)
</div></td></tr></table><p class="totop"><a href="#summary">back to summary</a></p><h3 id="m1">wanasaTest.Wanasalivetest#verifypricemovie</h3><table class="result"><tr><th>Exception</th></tr><tr><td><div class="stacktrace">org.openqa.selenium.NoSuchElementException: no such element: Unable to locate element: {&quot;method&quot;:&quot;id&quot;,&quot;selector&quot;:&quot;btnPay&quot;}
  (Session info: chrome=78.0.3904.97)
  (Driver info: chromedriver=2.43.600210 (68dcf5eebde37173d4027fa8635e332711d2874a),platform=Windows NT 10.0.17763 x86_64) (WARNING: The server did not provide any stacktrace information)
Command duration or timeout: 0 milliseconds
For documentation on this error, please visit: http://seleniumhq.org/exceptions/no_such_element.html
Build info: version: &apos;3.11.0&apos;, revision: &apos;e59cfb3&apos;, time: &apos;2018-03-11T20:26:55.152Z&apos;
System info: host: &apos;ADMIN&apos;, ip: &apos;192.168.75.55&apos;, os.name: &apos;Windows 10&apos;, os.arch: &apos;amd64&apos;, os.version: &apos;10.0&apos;, java.version: &apos;1.8.0_181&apos;
Driver info: org.openqa.selenium.chrome.ChromeDriver
Capabilities {acceptInsecureCerts: false, acceptSslCerts: false, applicationCacheEnabled: false, browserConnectionEnabled: false, browserName: chrome, chrome: {chromedriverVersion: 2.43.600210 (68dcf5eebde371..., userDataDir: C:\Users\SMSC_T~1\AppData\L...}, cssSelectorsEnabled: true, databaseEnabled: false, goog:chromeOptions: {debuggerAddress: localhost:53757}, handlesAlerts: true, hasTouchScreen: false, javascriptEnabled: true, locationContextEnabled: true, mobileEmulationEnabled: false, nativeEvents: true, networkConnectionEnabled: false, pageLoadStrategy: normal, platform: XP, platformName: XP, rotatable: false, setWindowRect: true, takesHeapSnapshot: true, takesScreenshot: true, unexpectedAlertBehaviour: , unhandledPromptBehavior: , version: 78.0.3904.97, webStorageEnabled: true}
Session ID: 5a518a0227975e21c21b01ef8fc96a94
*** Element info: {Using=id, value=btnPay}
	at sun.reflect.NativeConstructorAccessorImpl.newInstance0(Native Method)
	at sun.reflect.NativeConstructorAccessorImpl.newInstance(Unknown Source)
	at sun.reflect.DelegatingConstructorAccessorImpl.newInstance(Unknown Source)
	at java.lang.reflect.Constructor.newInstance(Unknown Source)
	at org.openqa.selenium.remote.ErrorHandler.createThrowable(ErrorHandler.java:214)
	at org.openqa.selenium.remote.ErrorHandler.throwIfResponseFailed(ErrorHandler.java:166)
	at org.openqa.selenium.remote.http.JsonHttpResponseCodec.reconstructValue(JsonHttpResponseCodec.java:40)
	at org.openqa.selenium.remote.http.AbstractHttpResponseCodec.decode(AbstractHttpResponseCodec.java:80)
	at org.openqa.selenium.remote.http.AbstractHttpResponseCodec.decode(AbstractHttpResponseCodec.java:44)
	at org.openqa.selenium.remote.HttpCommandExecutor.execute(HttpCommandExecutor.java:158)
	at org.openqa.selenium.remote.service.DriverCommandExecutor.execute(DriverCommandExecutor.java:83)
	at org.openqa.selenium.remote.RemoteWebDriver.execute(RemoteWebDriver.java:545)
	at org.openqa.selenium.remote.RemoteWebDriver.findElement(RemoteWebDriver.java:319)
	at org.openqa.selenium.remote.RemoteWebDriver.findElementById(RemoteWebDriver.java:365)
	at org.openqa.selenium.By$ById.findElement(By.java:218)
	at org.openqa.selenium.remote.RemoteWebDriver.findElement(RemoteWebDriver.java:311)
	at wanasa.homepagelive.moviespricecomp(homepagelive.java:3792)
	at wanasa.homepagelive.pricecompareMoviebooking(homepagelive.java:3786)
	at wanasaTest.Wanasalivetest.verifypricemovie(Wanasalivetest.java:103)
	at sun.reflect.NativeMethodAccessorImpl.invoke0(Native Method)
	at sun.reflect.NativeMethodAccessorImpl.invoke(Unknown Source)
	at sun.reflect.DelegatingMethodAccessorImpl.invoke(Unknown Source)
	at java.lang.reflect.Method.invoke(Unknown Source)
	at org.testng.internal.MethodInvocationHelper.invokeMethod(MethodInvocationHelper.java:86)
	at org.testng.internal.Invoker.invokeMethod(Invoker.java:645)
	at org.testng.internal.Invoker.invokeTestMethod(Invoker.java:822)
	at org.testng.internal.Invoker.invokeTestMethods(Invoker.java:1130)
	at org.testng.internal.TestMethodWorker.invokeTestMethods(TestMethodWorker.java:129)
	at org.testng.internal.TestMethodWorker.run(TestMethodWorker.java:112)
	at org.testng.TestRunner.privateRun(TestRunner.java:782)
	at org.testng.TestRunner.run(TestRunner.java:632)
	at org.testng.SuiteRunner.runTest(SuiteRunner.java:366)
	at org.testng.SuiteRunner.runSequentially(SuiteRunner.java:361)
	at org.testng.SuiteRunner.privateRun(SuiteRunner.java:319)
	at org.testng.SuiteRunner.run(SuiteRunner.java:268)
	at org.testng.SuiteRunnerWorker.runSuite(SuiteRunnerWorker.java:52)
	at org.testng.SuiteRunnerWorker.run(SuiteRunnerWorker.java:86)
	at org.testng.TestNG.runSuitesSequentially(TestNG.java:1244)
	at org.testng.TestNG.runSuitesLocally(TestNG.java:1169)
	at org.testng.TestNG.run(TestNG.java:1064)
	at org.testng.remote.RemoteTestNG.run(RemoteTestNG.java:113)
	at org.testng.remote.RemoteTestNG.initAndRun(RemoteTestNG.java:206)
	at org.testng.remote.RemoteTestNG.main(RemoteTestNG.java:177)
</div></td></tr></table><p class="totop"><a href="#summary">back to summary</a></p><h3 id="m2">wanasaTest.Wanasalivetest#evouchersFileter</h3><table class="result"></table><p class="totop"><a href="#summary">back to summary</a></p><h3 id="m3">wanasaTest.Wanasalivetest#filterMoviesGenre</h3><table class="result"></table><p class="totop"><a href="#summary">back to summary</a></p><h3 id="m4">wanasaTest.Wanasalivetest#filterMoviesLang</h3><table class="result"></table><p class="totop"><a href="#summary">back to summary</a></p><h3 id="m5">wanasaTest.Wanasalivetest#filterMoviesLocations</h3><table class="result"></table><p class="totop"><a href="#summary">back to summary</a></p><h3 id="m6">wanasaTest.Wanasalivetest#movieTimeingsFilter</h3><table class="result"></table><p class="totop"><a href="#summary">back to summary</a></p><h3 id="m7">wanasaTest.Wanasalivetest#moviesAllFilters</h3><table class="result"></table><p class="totop"><a href="#summary">back to summary</a></p><h3 id="m8">wanasaTest.Wanasalivetest#verifySMiconclick</h3><table class="result"></table><p class="totop"><a href="#summary">back to summary</a></p><h3 id="m9">wanasaTest.Wanasalivetest#verifyappstoreclick</h3><table class="result"></table><p class="totop"><a href="#summary">back to summary</a></p><h3 id="m10">wanasaTest.Wanasalivetest#verifycontactus</h3><table class="result"></table><p class="totop"><a href="#summary">back to summary</a></p><h3 id="m11">wanasaTest.Wanasalivetest#verifyeventCatFilter</h3><table class="result"></table><p class="totop"><a href="#summary">back to summary</a></p><h3 id="m12">wanasaTest.Wanasalivetest#verifyeventTypeFilter</h3><table class="result"></table><p class="totop"><a href="#summary">back to summary</a></p><h3 id="m13">wanasaTest.Wanasalivetest#verifyfilterTheater</h3><table class="result"></table><p class="totop"><a href="#summary">back to summary</a></p><h3 id="m14">wanasaTest.Wanasalivetest#verifyfooterlinks</h3><table class="result"></table><p class="totop"><a href="#summary">back to summary</a></p><h3 id="m15">wanasaTest.Wanasalivetest#verifyforgotpassword</h3><table class="result"></table><p class="totop"><a href="#summary">back to summary</a></p><h3 id="m16">wanasaTest.Wanasalivetest#verifygoogLogin</h3><table class="result"></table><p class="totop"><a href="#summary">back to summary</a></p><h3 id="m17">wanasaTest.Wanasalivetest#verifylogin</h3><table class="result"></table><p class="totop"><a href="#summary">back to summary</a></p><h3 id="m18">wanasaTest.Wanasalivetest#verifyplaystoreclick</h3><table class="result"></table><p class="totop"><a href="#summary">back to summary</a></p><h3 id="m19">wanasaTest.Wanasalivetest#verifysearchbookingistory</h3><table class="result"></table><p class="totop"><a href="#summary">back to summary</a></p><h3 id="m20">wanasaTest.Wanasalivetest#verifysignup</h3><table class="result"></table><p class="totop"><a href="#summary">back to summary</a></p><h3 id="m21">wanasaTest.Wanasalivetest#verifysocialmediaiconclick</h3><table class="result"></table><p class="totop"><a href="#summary">back to summary</a></p><h3 id="m22">wanasaTest.Wanasalivetest#verifyuseroperations</h3><table class="result"></table><p class="totop"><a href="#summary">back to summary</a></p></body></html>