<?xml version="1.0" encoding="UTF-8"?>
<testng-results skipped="0" failed="2" total="23" passed="21">
  <reporter-output>
  </reporter-output>
  <suite name="Default suite" duration-ms="698722" started-at="2019-11-19T07:07:24Z" finished-at="2019-11-19T07:19:02Z">
    <groups>
    </groups>
    <test name="Default test" duration-ms="698722" started-at="2019-11-19T07:07:24Z" finished-at="2019-11-19T07:19:02Z">
      <class name="wanasaTest.Wanasalivetest">
        <test-method status="PASS" signature="setup(java.lang.String)[pri:0, instance:wanasaTest.Wanasalivetest@42d3bd8b]" name="setup" is-config="true" duration-ms="23927" started-at="2019-11-19T12:37:24Z" finished-at="2019-11-19T12:37:48Z">
          <params>
            <param index="0">
              <value>
                <![CDATA[IamOptional]]>
              </value>
            </param>
          </params>
          <reporter-output>
          </reporter-output>
        </test-method> <!-- setup -->
        <test-method status="PASS" signature="verifysignup()[pri:0, instance:wanasaTest.Wanasalivetest@42d3bd8b]" name="verifysignup" duration-ms="11225" started-at="2019-11-19T12:37:48Z" finished-at="2019-11-19T12:37:59Z">
          <reporter-output>
          </reporter-output>
        </test-method> <!-- verifysignup -->
        <test-method status="PASS" signature="tearDown(org.testng.ITestResult)[pri:0, instance:wanasaTest.Wanasalivetest@42d3bd8b]" name="tearDown" is-config="true" duration-ms="470" started-at="2019-11-19T12:37:59Z" finished-at="2019-11-19T12:37:59Z">
          <params>
            <param index="0">
              <value>
                <![CDATA[[TestResult name=verifysignup status=SUCCESS method=Wanasalivetest.verifysignup()[pri:0, instance:wanasaTest.Wanasalivetest@42d3bd8b] output={null}]]]>
              </value>
            </param>
          </params>
          <reporter-output>
          </reporter-output>
        </test-method> <!-- tearDown -->
        <test-method status="PASS" signature="verifyforgotpassword()[pri:1, instance:wanasaTest.Wanasalivetest@42d3bd8b]" name="verifyforgotpassword" duration-ms="2770" started-at="2019-11-19T12:37:59Z" finished-at="2019-11-19T12:38:02Z">
          <reporter-output>
          </reporter-output>
        </test-method> <!-- verifyforgotpassword -->
        <test-method status="PASS" signature="tearDown(org.testng.ITestResult)[pri:0, instance:wanasaTest.Wanasalivetest@42d3bd8b]" name="tearDown" is-config="true" duration-ms="42" started-at="2019-11-19T12:38:02Z" finished-at="2019-11-19T12:38:02Z">
          <params>
            <param index="0">
              <value>
                <![CDATA[[TestResult name=verifyforgotpassword status=SUCCESS method=Wanasalivetest.verifyforgotpassword()[pri:1, instance:wanasaTest.Wanasalivetest@42d3bd8b] output={null}]]]>
              </value>
            </param>
          </params>
          <reporter-output>
          </reporter-output>
        </test-method> <!-- tearDown -->
        <test-method status="PASS" signature="verifylogin()[pri:2, instance:wanasaTest.Wanasalivetest@42d3bd8b]" name="verifylogin" duration-ms="26615" started-at="2019-11-19T12:38:02Z" finished-at="2019-11-19T12:38:29Z">
          <reporter-output>
          </reporter-output>
        </test-method> <!-- verifylogin -->
        <test-method status="PASS" signature="tearDown(org.testng.ITestResult)[pri:0, instance:wanasaTest.Wanasalivetest@42d3bd8b]" name="tearDown" is-config="true" duration-ms="40" started-at="2019-11-19T12:38:29Z" finished-at="2019-11-19T12:38:29Z">
          <params>
            <param index="0">
              <value>
                <![CDATA[[TestResult name=verifylogin status=SUCCESS method=Wanasalivetest.verifylogin()[pri:2, instance:wanasaTest.Wanasalivetest@42d3bd8b] output={null}]]]>
              </value>
            </param>
          </params>
          <reporter-output>
          </reporter-output>
        </test-method> <!-- tearDown -->
        <test-method status="PASS" signature="verifygoogLogin()[pri:3, instance:wanasaTest.Wanasalivetest@42d3bd8b]" name="verifygoogLogin" duration-ms="59750" started-at="2019-11-19T12:38:29Z" finished-at="2019-11-19T12:39:29Z">
          <reporter-output>
          </reporter-output>
        </test-method> <!-- verifygoogLogin -->
        <test-method status="PASS" signature="tearDown(org.testng.ITestResult)[pri:0, instance:wanasaTest.Wanasalivetest@42d3bd8b]" name="tearDown" is-config="true" duration-ms="67" started-at="2019-11-19T12:39:29Z" finished-at="2019-11-19T12:39:29Z">
          <params>
            <param index="0">
              <value>
                <![CDATA[[TestResult name=verifygoogLogin status=SUCCESS method=Wanasalivetest.verifygoogLogin()[pri:3, instance:wanasaTest.Wanasalivetest@42d3bd8b] output={null}]]]>
              </value>
            </param>
          </params>
          <reporter-output>
          </reporter-output>
        </test-method> <!-- tearDown -->
        <test-method status="PASS" signature="verifyfooterlinks()[pri:4, instance:wanasaTest.Wanasalivetest@42d3bd8b]" name="verifyfooterlinks" duration-ms="34560" started-at="2019-11-19T12:39:29Z" finished-at="2019-11-19T12:40:03Z">
          <reporter-output>
          </reporter-output>
        </test-method> <!-- verifyfooterlinks -->
        <test-method status="PASS" signature="tearDown(org.testng.ITestResult)[pri:0, instance:wanasaTest.Wanasalivetest@42d3bd8b]" name="tearDown" is-config="true" duration-ms="100" started-at="2019-11-19T12:40:03Z" finished-at="2019-11-19T12:40:03Z">
          <params>
            <param index="0">
              <value>
                <![CDATA[[TestResult name=verifyfooterlinks status=SUCCESS method=Wanasalivetest.verifyfooterlinks()[pri:4, instance:wanasaTest.Wanasalivetest@42d3bd8b] output={null}]]]>
              </value>
            </param>
          </params>
          <reporter-output>
          </reporter-output>
        </test-method> <!-- tearDown -->
        <test-method status="FAIL" signature="verifypricemovie()[pri:5, instance:wanasaTest.Wanasalivetest@42d3bd8b]" name="verifypricemovie" duration-ms="73831" started-at="2019-11-19T12:40:03Z" finished-at="2019-11-19T12:41:17Z">
          <exception class="org.openqa.selenium.NoSuchElementException">
            <message>
              <![CDATA[no such element: Unable to locate element: {"method":"id","selector":"btnPay"}
  (Session info: chrome=78.0.3904.97)
  (Driver info: chromedriver=2.43.600210 (68dcf5eebde37173d4027fa8635e332711d2874a),platform=Windows NT 10.0.17763 x86_64) (WARNING: The server did not provide any stacktrace information)
Command duration or timeout: 0 milliseconds
For documentation on this error, please visit: http://seleniumhq.org/exceptions/no_such_element.html
Build info: version: '3.11.0', revision: 'e59cfb3', time: '2018-03-11T20:26:55.152Z'
System info: host: 'ADMIN', ip: '192.168.75.55', os.name: 'Windows 10', os.arch: 'amd64', os.version: '10.0', java.version: '1.8.0_181'
Driver info: org.openqa.selenium.chrome.ChromeDriver
Capabilities {acceptInsecureCerts: false, acceptSslCerts: false, applicationCacheEnabled: false, browserConnectionEnabled: false, browserName: chrome, chrome: {chromedriverVersion: 2.43.600210 (68dcf5eebde371..., userDataDir: C:\Users\SMSC_T~1\AppData\L...}, cssSelectorsEnabled: true, databaseEnabled: false, goog:chromeOptions: {debuggerAddress: localhost:53757}, handlesAlerts: true, hasTouchScreen: false, javascriptEnabled: true, locationContextEnabled: true, mobileEmulationEnabled: false, nativeEvents: true, networkConnectionEnabled: false, pageLoadStrategy: normal, platform: XP, platformName: XP, rotatable: false, setWindowRect: true, takesHeapSnapshot: true, takesScreenshot: true, unexpectedAlertBehaviour: , unhandledPromptBehavior: , version: 78.0.3904.97, webStorageEnabled: true}
Session ID: 5a518a0227975e21c21b01ef8fc96a94
*** Element info: {Using=id, value=btnPay}]]>
            </message>
            <full-stacktrace>
              <![CDATA[org.openqa.selenium.NoSuchElementException: no such element: Unable to locate element: {"method":"id","selector":"btnPay"}
  (Session info: chrome=78.0.3904.97)
  (Driver info: chromedriver=2.43.600210 (68dcf5eebde37173d4027fa8635e332711d2874a),platform=Windows NT 10.0.17763 x86_64) (WARNING: The server did not provide any stacktrace information)
Command duration or timeout: 0 milliseconds
For documentation on this error, please visit: http://seleniumhq.org/exceptions/no_such_element.html
Build info: version: '3.11.0', revision: 'e59cfb3', time: '2018-03-11T20:26:55.152Z'
System info: host: 'ADMIN', ip: '192.168.75.55', os.name: 'Windows 10', os.arch: 'amd64', os.version: '10.0', java.version: '1.8.0_181'
Driver info: org.openqa.selenium.chrome.ChromeDriver
Capabilities {acceptInsecureCerts: false, acceptSslCerts: false, applicationCacheEnabled: false, browserConnectionEnabled: false, browserName: chrome, chrome: {chromedriverVersion: 2.43.600210 (68dcf5eebde371..., userDataDir: C:\Users\SMSC_T~1\AppData\L...}, cssSelectorsEnabled: true, databaseEnabled: false, goog:chromeOptions: {debuggerAddress: localhost:53757}, handlesAlerts: true, hasTouchScreen: false, javascriptEnabled: true, locationContextEnabled: true, mobileEmulationEnabled: false, nativeEvents: true, networkConnectionEnabled: false, pageLoadStrategy: normal, platform: XP, platformName: XP, rotatable: false, setWindowRect: true, takesHeapSnapshot: true, takesScreenshot: true, unexpectedAlertBehaviour: , unhandledPromptBehavior: , version: 78.0.3904.97, webStorageEnabled: true}
Session ID: 5a518a0227975e21c21b01ef8fc96a94
*** Element info: {Using=id, value=btnPay}
	at sun.reflect.NativeConstructorAccessorImpl.newInstance0(Native Method)
	at sun.reflect.NativeConstructorAccessorImpl.newInstance(Unknown Source)
	at sun.reflect.DelegatingConstructorAccessorImpl.newInstance(Unknown Source)
	at java.lang.reflect.Constructor.newInstance(Unknown Source)
	at org.openqa.selenium.remote.ErrorHandler.createThrowable(ErrorHandler.java:214)
	at org.openqa.selenium.remote.ErrorHandler.throwIfResponseFailed(ErrorHandler.java:166)
	at org.openqa.selenium.remote.http.JsonHttpResponseCodec.reconstructValue(JsonHttpResponseCodec.java:40)
	at org.openqa.selenium.remote.http.AbstractHttpResponseCodec.decode(AbstractHttpResponseCodec.java:80)
	at org.openqa.selenium.remote.http.AbstractHttpResponseCodec.decode(AbstractHttpResponseCodec.java:44)
	at org.openqa.selenium.remote.HttpCommandExecutor.execute(HttpCommandExecutor.java:158)
	at org.openqa.selenium.remote.service.DriverCommandExecutor.execute(DriverCommandExecutor.java:83)
	at org.openqa.selenium.remote.RemoteWebDriver.execute(RemoteWebDriver.java:545)
	at org.openqa.selenium.remote.RemoteWebDriver.findElement(RemoteWebDriver.java:319)
	at org.openqa.selenium.remote.RemoteWebDriver.findElementById(RemoteWebDriver.java:365)
	at org.openqa.selenium.By$ById.findElement(By.java:218)
	at org.openqa.selenium.remote.RemoteWebDriver.findElement(RemoteWebDriver.java:311)
	at wanasa.homepagelive.moviespricecomp(homepagelive.java:3792)
	at wanasa.homepagelive.pricecompareMoviebooking(homepagelive.java:3786)
	at wanasaTest.Wanasalivetest.verifypricemovie(Wanasalivetest.java:103)
	at sun.reflect.NativeMethodAccessorImpl.invoke0(Native Method)
	at sun.reflect.NativeMethodAccessorImpl.invoke(Unknown Source)
	at sun.reflect.DelegatingMethodAccessorImpl.invoke(Unknown Source)
	at java.lang.reflect.Method.invoke(Unknown Source)
	at org.testng.internal.MethodInvocationHelper.invokeMethod(MethodInvocationHelper.java:86)
	at org.testng.internal.Invoker.invokeMethod(Invoker.java:645)
	at org.testng.internal.Invoker.invokeTestMethod(Invoker.java:822)
	at org.testng.internal.Invoker.invokeTestMethods(Invoker.java:1130)
	at org.testng.internal.TestMethodWorker.invokeTestMethods(TestMethodWorker.java:129)
	at org.testng.internal.TestMethodWorker.run(TestMethodWorker.java:112)
	at org.testng.TestRunner.privateRun(TestRunner.java:782)
	at org.testng.TestRunner.run(TestRunner.java:632)
	at org.testng.SuiteRunner.runTest(SuiteRunner.java:366)
	at org.testng.SuiteRunner.runSequentially(SuiteRunner.java:361)
	at org.testng.SuiteRunner.privateRun(SuiteRunner.java:319)
	at org.testng.SuiteRunner.run(SuiteRunner.java:268)
	at org.testng.SuiteRunnerWorker.runSuite(SuiteRunnerWorker.java:52)
	at org.testng.SuiteRunnerWorker.run(SuiteRunnerWorker.java:86)
	at org.testng.TestNG.runSuitesSequentially(TestNG.java:1244)
	at org.testng.TestNG.runSuitesLocally(TestNG.java:1169)
	at org.testng.TestNG.run(TestNG.java:1064)
	at org.testng.remote.RemoteTestNG.run(RemoteTestNG.java:113)
	at org.testng.remote.RemoteTestNG.initAndRun(RemoteTestNG.java:206)
	at org.testng.remote.RemoteTestNG.main(RemoteTestNG.java:177)
]]>
            </full-stacktrace>
          </exception> <!-- org.openqa.selenium.NoSuchElementException -->
          <reporter-output>
          </reporter-output>
        </test-method> <!-- verifypricemovie -->
        <test-method status="PASS" signature="tearDown(org.testng.ITestResult)[pri:0, instance:wanasaTest.Wanasalivetest@42d3bd8b]" name="tearDown" is-config="true" duration-ms="1247" started-at="2019-11-19T12:41:17Z" finished-at="2019-11-19T12:41:18Z">
          <params>
            <param index="0">
              <value>
                <![CDATA[[TestResult name=verifypricemovie status=FAILURE method=Wanasalivetest.verifypricemovie()[pri:5, instance:wanasaTest.Wanasalivetest@42d3bd8b] output={null}]]]>
              </value>
            </param>
          </params>
          <reporter-output>
          </reporter-output>
        </test-method> <!-- tearDown -->
        <test-method status="FAIL" signature="verifypriceevent()[pri:6, instance:wanasaTest.Wanasalivetest@42d3bd8b]" name="verifypriceevent" duration-ms="31938" started-at="2019-11-19T12:41:18Z" finished-at="2019-11-19T12:41:50Z">
          <exception class="org.openqa.selenium.NoSuchElementException">
            <message>
              <![CDATA[no such element: Unable to locate element: {"method":"id","selector":"eventDate"}
  (Session info: chrome=78.0.3904.97)
  (Driver info: chromedriver=2.43.600210 (68dcf5eebde37173d4027fa8635e332711d2874a),platform=Windows NT 10.0.17763 x86_64) (WARNING: The server did not provide any stacktrace information)
Command duration or timeout: 0 milliseconds
For documentation on this error, please visit: http://seleniumhq.org/exceptions/no_such_element.html
Build info: version: '3.11.0', revision: 'e59cfb3', time: '2018-03-11T20:26:55.152Z'
System info: host: 'ADMIN', ip: '192.168.75.55', os.name: 'Windows 10', os.arch: 'amd64', os.version: '10.0', java.version: '1.8.0_181'
Driver info: org.openqa.selenium.chrome.ChromeDriver
Capabilities {acceptInsecureCerts: false, acceptSslCerts: false, applicationCacheEnabled: false, browserConnectionEnabled: false, browserName: chrome, chrome: {chromedriverVersion: 2.43.600210 (68dcf5eebde371..., userDataDir: C:\Users\SMSC_T~1\AppData\L...}, cssSelectorsEnabled: true, databaseEnabled: false, goog:chromeOptions: {debuggerAddress: localhost:53757}, handlesAlerts: true, hasTouchScreen: false, javascriptEnabled: true, locationContextEnabled: true, mobileEmulationEnabled: false, nativeEvents: true, networkConnectionEnabled: false, pageLoadStrategy: normal, platform: XP, platformName: XP, rotatable: false, setWindowRect: true, takesHeapSnapshot: true, takesScreenshot: true, unexpectedAlertBehaviour: , unhandledPromptBehavior: , version: 78.0.3904.97, webStorageEnabled: true}
Session ID: 5a518a0227975e21c21b01ef8fc96a94
*** Element info: {Using=id, value=eventDate}]]>
            </message>
            <full-stacktrace>
              <![CDATA[org.openqa.selenium.NoSuchElementException: no such element: Unable to locate element: {"method":"id","selector":"eventDate"}
  (Session info: chrome=78.0.3904.97)
  (Driver info: chromedriver=2.43.600210 (68dcf5eebde37173d4027fa8635e332711d2874a),platform=Windows NT 10.0.17763 x86_64) (WARNING: The server did not provide any stacktrace information)
Command duration or timeout: 0 milliseconds
For documentation on this error, please visit: http://seleniumhq.org/exceptions/no_such_element.html
Build info: version: '3.11.0', revision: 'e59cfb3', time: '2018-03-11T20:26:55.152Z'
System info: host: 'ADMIN', ip: '192.168.75.55', os.name: 'Windows 10', os.arch: 'amd64', os.version: '10.0', java.version: '1.8.0_181'
Driver info: org.openqa.selenium.chrome.ChromeDriver
Capabilities {acceptInsecureCerts: false, acceptSslCerts: false, applicationCacheEnabled: false, browserConnectionEnabled: false, browserName: chrome, chrome: {chromedriverVersion: 2.43.600210 (68dcf5eebde371..., userDataDir: C:\Users\SMSC_T~1\AppData\L...}, cssSelectorsEnabled: true, databaseEnabled: false, goog:chromeOptions: {debuggerAddress: localhost:53757}, handlesAlerts: true, hasTouchScreen: false, javascriptEnabled: true, locationContextEnabled: true, mobileEmulationEnabled: false, nativeEvents: true, networkConnectionEnabled: false, pageLoadStrategy: normal, platform: XP, platformName: XP, rotatable: false, setWindowRect: true, takesHeapSnapshot: true, takesScreenshot: true, unexpectedAlertBehaviour: , unhandledPromptBehavior: , version: 78.0.3904.97, webStorageEnabled: true}
Session ID: 5a518a0227975e21c21b01ef8fc96a94
*** Element info: {Using=id, value=eventDate}
	at sun.reflect.NativeConstructorAccessorImpl.newInstance0(Native Method)
	at sun.reflect.NativeConstructorAccessorImpl.newInstance(Unknown Source)
	at sun.reflect.DelegatingConstructorAccessorImpl.newInstance(Unknown Source)
	at java.lang.reflect.Constructor.newInstance(Unknown Source)
	at org.openqa.selenium.remote.ErrorHandler.createThrowable(ErrorHandler.java:214)
	at org.openqa.selenium.remote.ErrorHandler.throwIfResponseFailed(ErrorHandler.java:166)
	at org.openqa.selenium.remote.http.JsonHttpResponseCodec.reconstructValue(JsonHttpResponseCodec.java:40)
	at org.openqa.selenium.remote.http.AbstractHttpResponseCodec.decode(AbstractHttpResponseCodec.java:80)
	at org.openqa.selenium.remote.http.AbstractHttpResponseCodec.decode(AbstractHttpResponseCodec.java:44)
	at org.openqa.selenium.remote.HttpCommandExecutor.execute(HttpCommandExecutor.java:158)
	at org.openqa.selenium.remote.service.DriverCommandExecutor.execute(DriverCommandExecutor.java:83)
	at org.openqa.selenium.remote.RemoteWebDriver.execute(RemoteWebDriver.java:545)
	at org.openqa.selenium.remote.RemoteWebDriver.findElement(RemoteWebDriver.java:319)
	at org.openqa.selenium.remote.RemoteWebDriver.findElementById(RemoteWebDriver.java:365)
	at org.openqa.selenium.By$ById.findElement(By.java:218)
	at org.openqa.selenium.remote.RemoteWebDriver.findElement(RemoteWebDriver.java:311)
	at wanasa.homepagelive.pricecom(homepagelive.java:3645)
	at wanasa.homepagelive.pricecompare(homepagelive.java:3635)
	at wanasaTest.Wanasalivetest.verifypriceevent(Wanasalivetest.java:113)
	at sun.reflect.NativeMethodAccessorImpl.invoke0(Native Method)
	at sun.reflect.NativeMethodAccessorImpl.invoke(Unknown Source)
	at sun.reflect.DelegatingMethodAccessorImpl.invoke(Unknown Source)
	at java.lang.reflect.Method.invoke(Unknown Source)
	at org.testng.internal.MethodInvocationHelper.invokeMethod(MethodInvocationHelper.java:86)
	at org.testng.internal.Invoker.invokeMethod(Invoker.java:645)
	at org.testng.internal.Invoker.invokeTestMethod(Invoker.java:822)
	at org.testng.internal.Invoker.invokeTestMethods(Invoker.java:1130)
	at org.testng.internal.TestMethodWorker.invokeTestMethods(TestMethodWorker.java:129)
	at org.testng.internal.TestMethodWorker.run(TestMethodWorker.java:112)
	at org.testng.TestRunner.privateRun(TestRunner.java:782)
	at org.testng.TestRunner.run(TestRunner.java:632)
	at org.testng.SuiteRunner.runTest(SuiteRunner.java:366)
	at org.testng.SuiteRunner.runSequentially(SuiteRunner.java:361)
	at org.testng.SuiteRunner.privateRun(SuiteRunner.java:319)
	at org.testng.SuiteRunner.run(SuiteRunner.java:268)
	at org.testng.SuiteRunnerWorker.runSuite(SuiteRunnerWorker.java:52)
	at org.testng.SuiteRunnerWorker.run(SuiteRunnerWorker.java:86)
	at org.testng.TestNG.runSuitesSequentially(TestNG.java:1244)
	at org.testng.TestNG.runSuitesLocally(TestNG.java:1169)
	at org.testng.TestNG.run(TestNG.java:1064)
	at org.testng.remote.RemoteTestNG.run(RemoteTestNG.java:113)
	at org.testng.remote.RemoteTestNG.initAndRun(RemoteTestNG.java:206)
	at org.testng.remote.RemoteTestNG.main(RemoteTestNG.java:177)
]]>
            </full-stacktrace>
          </exception> <!-- org.openqa.selenium.NoSuchElementException -->
          <reporter-output>
          </reporter-output>
        </test-method> <!-- verifypriceevent -->
        <test-method status="PASS" signature="tearDown(org.testng.ITestResult)[pri:0, instance:wanasaTest.Wanasalivetest@42d3bd8b]" name="tearDown" is-config="true" duration-ms="1157" started-at="2019-11-19T12:41:50Z" finished-at="2019-11-19T12:41:52Z">
          <params>
            <param index="0">
              <value>
                <![CDATA[[TestResult name=verifypriceevent status=FAILURE method=Wanasalivetest.verifypriceevent()[pri:6, instance:wanasaTest.Wanasalivetest@42d3bd8b] output={null}]]]>
              </value>
            </param>
          </params>
          <reporter-output>
          </reporter-output>
        </test-method> <!-- tearDown -->
        <test-method status="PASS" signature="verifycontactus()[pri:8, instance:wanasaTest.Wanasalivetest@42d3bd8b]" name="verifycontactus" duration-ms="24126" started-at="2019-11-19T12:41:52Z" finished-at="2019-11-19T12:42:16Z">
          <reporter-output>
          </reporter-output>
        </test-method> <!-- verifycontactus -->
        <test-method status="PASS" signature="tearDown(org.testng.ITestResult)[pri:0, instance:wanasaTest.Wanasalivetest@42d3bd8b]" name="tearDown" is-config="true" duration-ms="57" started-at="2019-11-19T12:42:16Z" finished-at="2019-11-19T12:42:16Z">
          <params>
            <param index="0">
              <value>
                <![CDATA[[TestResult name=verifycontactus status=SUCCESS method=Wanasalivetest.verifycontactus()[pri:8, instance:wanasaTest.Wanasalivetest@42d3bd8b] output={null}]]]>
              </value>
            </param>
          </params>
          <reporter-output>
          </reporter-output>
        </test-method> <!-- tearDown -->
        <test-method status="PASS" signature="verifySMiconclick()[pri:9, instance:wanasaTest.Wanasalivetest@42d3bd8b]" name="verifySMiconclick" duration-ms="39543" started-at="2019-11-19T12:42:16Z" finished-at="2019-11-19T12:42:55Z">
          <reporter-output>
          </reporter-output>
        </test-method> <!-- verifySMiconclick -->
        <test-method status="PASS" signature="tearDown(org.testng.ITestResult)[pri:0, instance:wanasaTest.Wanasalivetest@42d3bd8b]" name="tearDown" is-config="true" duration-ms="45" started-at="2019-11-19T12:42:55Z" finished-at="2019-11-19T12:42:55Z">
          <params>
            <param index="0">
              <value>
                <![CDATA[[TestResult name=verifySMiconclick status=SUCCESS method=Wanasalivetest.verifySMiconclick()[pri:9, instance:wanasaTest.Wanasalivetest@42d3bd8b] output={null}]]]>
              </value>
            </param>
          </params>
          <reporter-output>
          </reporter-output>
        </test-method> <!-- tearDown -->
        <test-method status="PASS" signature="verifyplaystoreclick()[pri:10, instance:wanasaTest.Wanasalivetest@42d3bd8b]" name="verifyplaystoreclick" duration-ms="11044" started-at="2019-11-19T12:42:55Z" finished-at="2019-11-19T12:43:06Z">
          <reporter-output>
          </reporter-output>
        </test-method> <!-- verifyplaystoreclick -->
        <test-method status="PASS" signature="tearDown(org.testng.ITestResult)[pri:0, instance:wanasaTest.Wanasalivetest@42d3bd8b]" name="tearDown" is-config="true" duration-ms="45" started-at="2019-11-19T12:43:06Z" finished-at="2019-11-19T12:43:06Z">
          <params>
            <param index="0">
              <value>
                <![CDATA[[TestResult name=verifyplaystoreclick status=SUCCESS method=Wanasalivetest.verifyplaystoreclick()[pri:10, instance:wanasaTest.Wanasalivetest@42d3bd8b] output={null}]]]>
              </value>
            </param>
          </params>
          <reporter-output>
          </reporter-output>
        </test-method> <!-- tearDown -->
        <test-method status="PASS" signature="verifyappstoreclick()[pri:11, instance:wanasaTest.Wanasalivetest@42d3bd8b]" name="verifyappstoreclick" duration-ms="11777" started-at="2019-11-19T12:43:06Z" finished-at="2019-11-19T12:43:18Z">
          <reporter-output>
          </reporter-output>
        </test-method> <!-- verifyappstoreclick -->
        <test-method status="PASS" signature="tearDown(org.testng.ITestResult)[pri:0, instance:wanasaTest.Wanasalivetest@42d3bd8b]" name="tearDown" is-config="true" duration-ms="43" started-at="2019-11-19T12:43:18Z" finished-at="2019-11-19T12:43:18Z">
          <params>
            <param index="0">
              <value>
                <![CDATA[[TestResult name=verifyappstoreclick status=SUCCESS method=Wanasalivetest.verifyappstoreclick()[pri:11, instance:wanasaTest.Wanasalivetest@42d3bd8b] output={null}]]]>
              </value>
            </param>
          </params>
          <reporter-output>
          </reporter-output>
        </test-method> <!-- tearDown -->
        <test-method status="PASS" signature="verifyuseroperations()[pri:15, instance:wanasaTest.Wanasalivetest@42d3bd8b]" name="verifyuseroperations" duration-ms="59274" started-at="2019-11-19T12:43:18Z" finished-at="2019-11-19T12:44:17Z">
          <reporter-output>
          </reporter-output>
        </test-method> <!-- verifyuseroperations -->
        <test-method status="PASS" signature="tearDown(org.testng.ITestResult)[pri:0, instance:wanasaTest.Wanasalivetest@42d3bd8b]" name="tearDown" is-config="true" duration-ms="38" started-at="2019-11-19T12:44:17Z" finished-at="2019-11-19T12:44:18Z">
          <params>
            <param index="0">
              <value>
                <![CDATA[[TestResult name=verifyuseroperations status=SUCCESS method=Wanasalivetest.verifyuseroperations()[pri:15, instance:wanasaTest.Wanasalivetest@42d3bd8b] output={null}]]]>
              </value>
            </param>
          </params>
          <reporter-output>
          </reporter-output>
        </test-method> <!-- tearDown -->
        <test-method status="PASS" signature="verifysearchbookingistory()[pri:20, instance:wanasaTest.Wanasalivetest@42d3bd8b]" name="verifysearchbookingistory" duration-ms="12479" started-at="2019-11-19T12:44:18Z" finished-at="2019-11-19T12:44:30Z">
          <reporter-output>
          </reporter-output>
        </test-method> <!-- verifysearchbookingistory -->
        <test-method status="PASS" signature="tearDown(org.testng.ITestResult)[pri:0, instance:wanasaTest.Wanasalivetest@42d3bd8b]" name="tearDown" is-config="true" duration-ms="32" started-at="2019-11-19T12:44:30Z" finished-at="2019-11-19T12:44:30Z">
          <params>
            <param index="0">
              <value>
                <![CDATA[[TestResult name=verifysearchbookingistory status=SUCCESS method=Wanasalivetest.verifysearchbookingistory()[pri:20, instance:wanasaTest.Wanasalivetest@42d3bd8b] output={null}]]]>
              </value>
            </param>
          </params>
          <reporter-output>
          </reporter-output>
        </test-method> <!-- tearDown -->
        <test-method status="PASS" signature="evouchersFileter()[pri:21, instance:wanasaTest.Wanasalivetest@42d3bd8b]" name="evouchersFileter" duration-ms="33008" started-at="2019-11-19T12:44:30Z" finished-at="2019-11-19T12:45:03Z">
          <reporter-output>
          </reporter-output>
        </test-method> <!-- evouchersFileter -->
        <test-method status="PASS" signature="tearDown(org.testng.ITestResult)[pri:0, instance:wanasaTest.Wanasalivetest@42d3bd8b]" name="tearDown" is-config="true" duration-ms="40" started-at="2019-11-19T12:45:03Z" finished-at="2019-11-19T12:45:03Z">
          <params>
            <param index="0">
              <value>
                <![CDATA[[TestResult name=evouchersFileter status=SUCCESS method=Wanasalivetest.evouchersFileter()[pri:21, instance:wanasaTest.Wanasalivetest@42d3bd8b] output={null}]]]>
              </value>
            </param>
          </params>
          <reporter-output>
          </reporter-output>
        </test-method> <!-- tearDown -->
        <test-method status="PASS" signature="verifysocialmediaiconclick()[pri:29, instance:wanasaTest.Wanasalivetest@42d3bd8b]" name="verifysocialmediaiconclick" duration-ms="20833" started-at="2019-11-19T12:45:03Z" finished-at="2019-11-19T12:45:24Z">
          <reporter-output>
          </reporter-output>
        </test-method> <!-- verifysocialmediaiconclick -->
        <test-method status="PASS" signature="tearDown(org.testng.ITestResult)[pri:0, instance:wanasaTest.Wanasalivetest@42d3bd8b]" name="tearDown" is-config="true" duration-ms="42" started-at="2019-11-19T12:45:24Z" finished-at="2019-11-19T12:45:24Z">
          <params>
            <param index="0">
              <value>
                <![CDATA[[TestResult name=verifysocialmediaiconclick status=SUCCESS method=Wanasalivetest.verifysocialmediaiconclick()[pri:29, instance:wanasaTest.Wanasalivetest@42d3bd8b] output={null}]]]>
              </value>
            </param>
          </params>
          <reporter-output>
          </reporter-output>
        </test-method> <!-- tearDown -->
        <test-method status="PASS" signature="filterMoviesLocations()[pri:31, instance:wanasaTest.Wanasalivetest@42d3bd8b]" name="filterMoviesLocations" duration-ms="32961" started-at="2019-11-19T12:45:24Z" finished-at="2019-11-19T12:45:57Z">
          <reporter-output>
          </reporter-output>
        </test-method> <!-- filterMoviesLocations -->
        <test-method status="PASS" signature="tearDown(org.testng.ITestResult)[pri:0, instance:wanasaTest.Wanasalivetest@42d3bd8b]" name="tearDown" is-config="true" duration-ms="38" started-at="2019-11-19T12:45:57Z" finished-at="2019-11-19T12:45:57Z">
          <params>
            <param index="0">
              <value>
                <![CDATA[[TestResult name=filterMoviesLocations status=SUCCESS method=Wanasalivetest.filterMoviesLocations()[pri:31, instance:wanasaTest.Wanasalivetest@42d3bd8b] output={null}]]]>
              </value>
            </param>
          </params>
          <reporter-output>
          </reporter-output>
        </test-method> <!-- tearDown -->
        <test-method status="PASS" signature="filterMoviesGenre()[pri:32, instance:wanasaTest.Wanasalivetest@42d3bd8b]" name="filterMoviesGenre" duration-ms="21298" started-at="2019-11-19T12:45:57Z" finished-at="2019-11-19T12:46:18Z">
          <reporter-output>
          </reporter-output>
        </test-method> <!-- filterMoviesGenre -->
        <test-method status="PASS" signature="tearDown(org.testng.ITestResult)[pri:0, instance:wanasaTest.Wanasalivetest@42d3bd8b]" name="tearDown" is-config="true" duration-ms="40" started-at="2019-11-19T12:46:18Z" finished-at="2019-11-19T12:46:18Z">
          <params>
            <param index="0">
              <value>
                <![CDATA[[TestResult name=filterMoviesGenre status=SUCCESS method=Wanasalivetest.filterMoviesGenre()[pri:32, instance:wanasaTest.Wanasalivetest@42d3bd8b] output={null}]]]>
              </value>
            </param>
          </params>
          <reporter-output>
          </reporter-output>
        </test-method> <!-- tearDown -->
        <test-method status="PASS" signature="filterMoviesLang()[pri:32, instance:wanasaTest.Wanasalivetest@42d3bd8b]" name="filterMoviesLang" duration-ms="18905" started-at="2019-11-19T12:46:18Z" finished-at="2019-11-19T12:46:37Z">
          <reporter-output>
          </reporter-output>
        </test-method> <!-- filterMoviesLang -->
        <test-method status="PASS" signature="tearDown(org.testng.ITestResult)[pri:0, instance:wanasaTest.Wanasalivetest@42d3bd8b]" name="tearDown" is-config="true" duration-ms="32" started-at="2019-11-19T12:46:37Z" finished-at="2019-11-19T12:46:37Z">
          <params>
            <param index="0">
              <value>
                <![CDATA[[TestResult name=filterMoviesLang status=SUCCESS method=Wanasalivetest.filterMoviesLang()[pri:32, instance:wanasaTest.Wanasalivetest@42d3bd8b] output={null}]]]>
              </value>
            </param>
          </params>
          <reporter-output>
          </reporter-output>
        </test-method> <!-- tearDown -->
        <test-method status="PASS" signature="moviesAllFilters()[pri:33, instance:wanasaTest.Wanasalivetest@42d3bd8b]" name="moviesAllFilters" duration-ms="18323" started-at="2019-11-19T12:46:37Z" finished-at="2019-11-19T12:46:56Z">
          <reporter-output>
          </reporter-output>
        </test-method> <!-- moviesAllFilters -->
        <test-method status="PASS" signature="tearDown(org.testng.ITestResult)[pri:0, instance:wanasaTest.Wanasalivetest@42d3bd8b]" name="tearDown" is-config="true" duration-ms="47" started-at="2019-11-19T12:46:56Z" finished-at="2019-11-19T12:46:56Z">
          <params>
            <param index="0">
              <value>
                <![CDATA[[TestResult name=moviesAllFilters status=SUCCESS method=Wanasalivetest.moviesAllFilters()[pri:33, instance:wanasaTest.Wanasalivetest@42d3bd8b] output={null}]]]>
              </value>
            </param>
          </params>
          <reporter-output>
          </reporter-output>
        </test-method> <!-- tearDown -->
        <test-method status="PASS" signature="movieTimeingsFilter()[pri:34, instance:wanasaTest.Wanasalivetest@42d3bd8b]" name="movieTimeingsFilter" duration-ms="50583" started-at="2019-11-19T12:46:56Z" finished-at="2019-11-19T12:47:46Z">
          <reporter-output>
          </reporter-output>
        </test-method> <!-- movieTimeingsFilter -->
        <test-method status="PASS" signature="tearDown(org.testng.ITestResult)[pri:0, instance:wanasaTest.Wanasalivetest@42d3bd8b]" name="tearDown" is-config="true" duration-ms="41" started-at="2019-11-19T12:47:46Z" finished-at="2019-11-19T12:47:46Z">
          <params>
            <param index="0">
              <value>
                <![CDATA[[TestResult name=movieTimeingsFilter status=SUCCESS method=Wanasalivetest.movieTimeingsFilter()[pri:34, instance:wanasaTest.Wanasalivetest@42d3bd8b] output={null}]]]>
              </value>
            </param>
          </params>
          <reporter-output>
          </reporter-output>
        </test-method> <!-- tearDown -->
        <test-method status="PASS" signature="verifyfilterTheater()[pri:35, instance:wanasaTest.Wanasalivetest@42d3bd8b]" name="verifyfilterTheater" duration-ms="40079" started-at="2019-11-19T12:47:46Z" finished-at="2019-11-19T12:48:26Z">
          <reporter-output>
          </reporter-output>
        </test-method> <!-- verifyfilterTheater -->
        <test-method status="PASS" signature="tearDown(org.testng.ITestResult)[pri:0, instance:wanasaTest.Wanasalivetest@42d3bd8b]" name="tearDown" is-config="true" duration-ms="51" started-at="2019-11-19T12:48:26Z" finished-at="2019-11-19T12:48:26Z">
          <params>
            <param index="0">
              <value>
                <![CDATA[[TestResult name=verifyfilterTheater status=SUCCESS method=Wanasalivetest.verifyfilterTheater()[pri:35, instance:wanasaTest.Wanasalivetest@42d3bd8b] output={null}]]]>
              </value>
            </param>
          </params>
          <reporter-output>
          </reporter-output>
        </test-method> <!-- tearDown -->
        <test-method status="PASS" signature="verifyeventTypeFilter()[pri:36, instance:wanasaTest.Wanasalivetest@42d3bd8b]" name="verifyeventTypeFilter" duration-ms="16111" started-at="2019-11-19T12:48:26Z" finished-at="2019-11-19T12:48:42Z">
          <reporter-output>
          </reporter-output>
        </test-method> <!-- verifyeventTypeFilter -->
        <test-method status="PASS" signature="tearDown(org.testng.ITestResult)[pri:0, instance:wanasaTest.Wanasalivetest@42d3bd8b]" name="tearDown" is-config="true" duration-ms="30" started-at="2019-11-19T12:48:42Z" finished-at="2019-11-19T12:48:43Z">
          <params>
            <param index="0">
              <value>
                <![CDATA[[TestResult name=verifyeventTypeFilter status=SUCCESS method=Wanasalivetest.verifyeventTypeFilter()[pri:36, instance:wanasaTest.Wanasalivetest@42d3bd8b] output={null}]]]>
              </value>
            </param>
          </params>
          <reporter-output>
          </reporter-output>
        </test-method> <!-- tearDown -->
        <test-method status="PASS" signature="verifyeventCatFilter()[pri:37, instance:wanasaTest.Wanasalivetest@42d3bd8b]" name="verifyeventCatFilter" duration-ms="18961" started-at="2019-11-19T12:48:43Z" finished-at="2019-11-19T12:49:01Z">
          <reporter-output>
          </reporter-output>
        </test-method> <!-- verifyeventCatFilter -->
        <test-method status="PASS" signature="tearDown(org.testng.ITestResult)[pri:0, instance:wanasaTest.Wanasalivetest@42d3bd8b]" name="tearDown" is-config="true" duration-ms="84" started-at="2019-11-19T12:49:01Z" finished-at="2019-11-19T12:49:02Z">
          <params>
            <param index="0">
              <value>
                <![CDATA[[TestResult name=verifyeventCatFilter status=SUCCESS method=Wanasalivetest.verifyeventCatFilter()[pri:37, instance:wanasaTest.Wanasalivetest@42d3bd8b] output={null}]]]>
              </value>
            </param>
          </params>
          <reporter-output>
          </reporter-output>
        </test-method> <!-- tearDown -->
        <test-method status="PASS" signature="closeBrowser1(java.lang.String)[pri:0, instance:wanasaTest.Wanasalivetest@42d3bd8b]" name="closeBrowser1" is-config="true" duration-ms="907" started-at="2019-11-19T12:49:02Z" finished-at="2019-11-19T12:49:02Z">
          <params>
            <param index="0">
              <value>
                <![CDATA[IamOptional]]>
              </value>
            </param>
          </params>
          <reporter-output>
          </reporter-output>
        </test-method> <!-- closeBrowser1 -->
      </class> <!-- wanasaTest.Wanasalivetest -->
    </test> <!-- Default test -->
  </suite> <!-- Default suite -->
</testng-results>
